<?xml version="1.0" encoding="UTF-8"?>
<!-- Generated by org.testng.reporters.JUnitReportReporter -->
<testsuite hostname="DESKTOP-KJ197RR" failures="0" tests="2" name="ParEmpireTestCases.ParPlpSorting" time="49.542" errors="0" timestamp="2025-07-25T18:44:56 IST" skipped="0">
  <testcase classname="ParEmpireTestCases.ParPlpSorting" name="LowToHighSorting" time="23.854"/>
  <system-out/>
  <testcase classname="ParEmpireTestCases.ParPlpSorting" name="highToLowSorting" time="25.688"/>
  <system-out/>
</testsuite> <!-- ParEmpireTestCases.ParPlpSorting -->
