<?xml version="1.0" encoding="UTF-8"?>
<!-- Generated by org.testng.reporters.JUnitReportReporter -->
<testsuite hostname="DESKTOP-KJ197RR" failures="0" tests="1" name="ParEmpireTestCases.WishlistTest" time="22.774" errors="0" timestamp="2025-08-01T17:57:20 IST" skipped="0">
  <testcase classname="ParEmpireTestCases.WishlistTest" name="verifyPlpWishlist" time="22.774"/>
  <system-out/>
</testsuite> <!-- ParEmpireTestCases.WishlistTest -->
