<?xml version="1.0" encoding="UTF-8"?>
<!-- Generated by org.testng.reporters.JUnitReportReporter -->
<testsuite hostname="DESKTOP-KJ197RR" failures="0" tests="2" name="ParEmpireTestCases.ParPlpSorting" time="30.838" errors="0" timestamp="2025-07-16T11:34:17 IST" skipped="0">
  <testcase classname="ParEmpireTestCases.ParPlpSorting" name="LowToHighSorting" time="16.456"/>
  <system-out/>
  <testcase classname="ParEmpireTestCases.ParPlpSorting" name="highToLowSorting" time="14.382"/>
  <system-out/>
</testsuite> <!-- ParEmpireTestCases.ParPlpSorting -->
