<?xml version="1.0" encoding="UTF-8"?>
<!-- Generated by org.testng.reporters.JUnitReportReporter -->
<testsuite hostname="DESKTOP-KJ197RR" failures="0" tests="2" name="ParEmpireTestCases.ParPlpSorting" time="52.544" errors="0" timestamp="2025-07-28T11:37:12 IST" skipped="0">
  <testcase classname="ParEmpireTestCases.ParPlpSorting" name="LowToHighSorting" time="29.221"/>
  <system-out/>
  <testcase classname="ParEmpireTestCases.ParPlpSorting" name="highToLowSorting" time="23.323"/>
  <system-out/>
</testsuite> <!-- ParEmpireTestCases.ParPlpSorting -->
