<?xml version="1.0" encoding="UTF-8"?>
<!-- Generated by org.testng.reporters.JUnitReportReporter -->
<testsuite hostname="DESKTOP-KJ197RR" failures="0" tests="1" name="ParEmpireTestCases.LoginTest" time="13.494" errors="0" timestamp="2025-07-31T15:37:54 IST" skipped="0">
  <testcase classname="ParEmpireTestCases.LoginTest" name="loginWithValidCredentials" time="13.494"/>
  <system-out/>
</testsuite> <!-- ParEmpireTestCases.LoginTest -->
