<?xml version="1.0" encoding="UTF-8"?>
<!-- Generated by org.testng.reporters.JUnitReportReporter -->
<testsuite hostname="DESKTOP-KJ197RR" failures="0" tests="2" name="ParEmpireTestCases.ParPlpSorting" time="47.484" errors="0" timestamp="2025-07-16T18:41:05 IST" skipped="0">
  <testcase classname="ParEmpireTestCases.ParPlpSorting" name="highToLowSorting" time="25.381"/>
  <system-out/>
  <testcase classname="ParEmpireTestCases.ParPlpSorting" name="LowToHighSorting" time="22.103"/>
  <system-out/>
</testsuite> <!-- ParEmpireTestCases.ParPlpSorting -->
